<?xml version="1.0" encoding="UTF-8"?>
<testsuite xmlns:xsi="http://www.w3.org/2001/XMLSchema-instance" xsi:noNamespaceSchemaLocation="https://maven.apache.org/surefire/maven-surefire-plugin/xsd/surefire-test-report-3.0.xsd" version="3.0" name="com.lrj.benefit.adapters.persistence.SkuVersionPlanningTest" time="1.937" tests="10" errors="0" skipped="0" failures="0">
  <properties>
[...]
</properties>
  <testcase name="mapperAdapterForbidsAutocommit" classname="com.lrj.benefit.adapters.persistence.SkuVersionPlanningTest" time="0.108">
    <system-err><![CDATA[WARNING: A Java agent has been loaded dynamically (/Users/liruijun/personal/repository/net/bytebuddy/byte-buddy-agent/1.14.19/byte-buddy-agent-1.14.19.jar)
WARNING: If a serviceability tool is in use, please run with -XX:+EnableDynamicAgentLoading to hide this warning
WARNING: If a serviceability tool is not in use, please run with -Djdk.instrument.traceUsage for more information
WARNING: Dynamic loading of agents will be disallowed by default in a future release
]]></system-err>
  </testcase>
  <testcase name="successfulOriginalReplaysWithoutLookingAtNewVersion" classname="com.lrj.benefit.adapters.persistence.SkuVersionPlanningTest" time="0.059"/>
  <testcase name="lockOrderIsSortedAndTimeRecheckedAfterLastRead" classname="com.lrj.benefit.adapters.persistence.SkuVersionPlanningTest" time="0.016"/>
  <testcase name="inventoryWaitCannotExtendFinalAcceptanceValidity" classname="com.lrj.benefit.adapters.persistence.SkuVersionPlanningTest" time="0.027"/>
  <testcase name="finalRouteDelayCannotExtendValidity" classname="com.lrj.benefit.adapters.persistence.SkuVersionPlanningTest" time="0.004"/>
  <testcase name="legacyWireDoesNotEmitNewNullProperty" classname="com.lrj.benefit.adapters.persistence.SkuVersionPlanningTest" time="0.274"/>
  <testcase name="conflictingVersionNeverTouchesCacheOrReserves" classname="com.lrj.benefit.adapters.persistence.SkuVersionPlanningTest" time="0.005"/>
  <testcase name="legacyMissingVersionStillUsesCache" classname="com.lrj.benefit.adapters.persistence.SkuVersionPlanningTest" time="0.002"/>
  <testcase name="versionRejectsNonIntegerJsonWithoutChangingLegacyFields" classname="com.lrj.benefit.adapters.persistence.SkuVersionPlanningTest" time="0.015"/>
  <testcase name="duplicateSkuConflictingExpectationsRejectBeforeLocks" classname="com.lrj.benefit.adapters.persistence.SkuVersionPlanningTest" time="0.001"/>
</testsuite>