<?xml version="1.0" encoding="UTF-8"?>
<testsuite xmlns:xsi="http://www.w3.org/2001/XMLSchema-instance" xsi:noNamespaceSchemaLocation="https://maven.apache.org/surefire/maven-surefire-plugin/xsd/surefire-test-report-3.0.xsd" version="3.0" name="com.lrj.benefit.web.AwardOrderEndToEndTest" time="7.233" tests="4" errors="0" skipped="0" failures="0">
  <properties>
[...]
</properties>
  <testcase name="executionRechecksOriginalOperationAfterApproval" classname="com.lrj.benefit.web.AwardOrderEndToEndTest" time="0.994">
    <system-out><![CDATA[11:19:24.758 [main] INFO org.springframework.test.context.support.AnnotationConfigContextLoaderUtils -- Could not detect default configuration classes for test class [com.lrj.benefit.web.AwardOrderEndToEndTest]: AwardOrderEndToEndTest does not declare any static, non-private, non-final, nested classes annotated with @Configuration.
11:19:24.939 [main] INFO org.springframework.boot.test.context.SpringBootTestContextBootstrapper -- Found @SpringBootConfiguration com.lrj.benefit.BenefitCenterApplication for test class com.lrj.benefit.web.AwardOrderEndToEndTest

  .   ____          _            __ _ _
 /\\ / ___'_ __ _ _(_)_ __  __ _ \ \ \ \
( ( )\___ | '_ | '_| | '_ \/ _` | \ \ \ \
 \\/  ___)| |_)| | | | | || (_| |  ) ) ) )
  '  |____| .__|_| |_|_| |_\__, | / / / /
 =========|_|==============|___/=/_/_/_/

 :: Spring Boot ::                (v3.3.5)

2026-09-08T11:19:25.459+08:00  INFO 56147 --- [benefit-center] [           main] c.l.benefit.web.AwardOrderEndToEndTest   : Starting AwardOrderEndToEndTest using Java 21.0.11 with PID 56147 (started by liruijun in /private/var/folders/fh/4kj3hbdd6q1dbswkdz5l_fsr0000gn/T/benefit-sku-version-zwh9_icm/benefit-server)
2026-09-08T11:19:25.460+08:00  INFO 56147 --- [benefit-center] [           main] c.l.benefit.web.AwardOrderEndToEndTest   : No active profile set, falling back to 1 default profile: "default"
2026-09-08T11:19:26.670+08:00  INFO 56147 --- [benefit-center] [           main] .s.d.r.c.RepositoryConfigurationDelegate : Multiple Spring Data modules found, entering strict repository configuration mode
2026-09-08T11:19:26.673+08:00  INFO 56147 --- [benefit-center] [           main] .s.d.r.c.RepositoryConfigurationDelegate : Bootstrapping Spring Data Redis repositories in DEFAULT mode.
2026-09-08T11:19:26.722+08:00  INFO 56147 --- [benefit-center] [           main] .s.d.r.c.RepositoryConfigurationDelegate : Finished Spring Data repository scanning in 35 ms. Found 0 Redis repository interfaces.
2026-09-08T11:19:27.335+08:00  INFO 56147 --- [benefit-center] [           main] com.zaxxer.hikari.HikariDataSource       : HikariPool-1 - Starting...
2026-09-08T11:19:27.630+08:00  INFO 56147 --- [benefit-center] [           main] com.zaxxer.hikari.pool.HikariPool        : HikariPool-1 - Added connection conn0: url=jdbc:h2:mem:benefit_e2e user=SA
2026-09-08T11:19:27.633+08:00  INFO 56147 --- [benefit-center] [           main] com.zaxxer.hikari.HikariDataSource       : HikariPool-1 - Start completed.
2026-09-08T11:19:27.818+08:00  INFO 56147 --- [benefit-center] [           main] org.flywaydb.core.FlywayExecutor         : Database: jdbc:h2:mem:benefit_e2e (H2 2.2)
2026-09-08T11:19:27.850+08:00  WARN 56147 --- [benefit-center] [           main] o.f.c.internal.database.base.Database    : Flyway upgrade recommended: H2 2.2.224 is newer than this version of Flyway and support has not been tested. The latest supported version of H2 is 2.2.220.
2026-09-08T11:19:27.890+08:00  INFO 56147 --- [benefit-center] [           main] o.f.c.i.s.JdbcTableSchemaHistory         : Schema history table "public"."flyway_schema_history" does not exist yet
2026-09-08T11:19:27.893+08:00  INFO 56147 --- [benefit-center] [           main] o.f.core.internal.command.DbValidate     : Successfully validated 14 migrations (execution time 00:00.029s)
2026-09-08T11:19:27.907+08:00  INFO 56147 --- [benefit-center] [           main] o.f.c.i.s.JdbcTableSchemaHistory         : Creating Schema History table "public"."flyway_schema_history" ...
2026-09-08T11:19:27.950+08:00  INFO 56147 --- [benefit-center] [           main] o.f.core.internal.command.DbMigrate      : Current version of schema "public": << Empty Schema >>
2026-09-08T11:19:27.968+08:00  INFO 56147 --- [benefit-center] [           main] o.f.core.internal.command.DbMigrate      : Migrating schema "public" to version "1 - benefit center schema"
2026-09-08T11:19:27.993+08:00  INFO 56147 --- [benefit-center] [           main] o.f.core.internal.command.DbMigrate      : Migrating schema "public" to version "2 - benefit center indexes"
2026-09-08T11:19:28.003+08:00  INFO 56147 --- [benefit-center] [           main] o.f.core.internal.command.DbMigrate      : Migrating schema "public" to version "3 - worker leases"
2026-09-08T11:19:28.029+08:00  INFO 56147 --- [benefit-center] [           main] o.f.core.internal.command.DbMigrate      : Migrating schema "public" to version "4 - inbox recovery"
2026-09-08T11:19:28.033+08:00  INFO 56147 --- [benefit-center] [           main] o.f.core.internal.command.DbMigrate      : Migrating schema "public" to version "5 - sharding seams"
2026-09-08T11:19:28.046+08:00  INFO 56147 --- [benefit-center] [           main] o.f.core.internal.command.DbMigrate      : Migrating schema "public" to version "6 - operation backoff"
2026-09-08T11:19:28.055+08:00  INFO 56147 --- [benefit-center] [           main] o.f.core.internal.command.DbMigrate      : Migrating schema "public" to version "7 - remediation request hash"
2026-09-08T11:19:28.065+08:00  INFO 56147 --- [benefit-center] [           main] o.f.core.internal.command.DbMigrate      : Migrating schema "public" to version "8 - admin inventory audit"
2026-09-08T11:19:28.081+08:00  INFO 56147 --- [benefit-center] [           main] o.f.core.internal.command.DbMigrate      : Migrating schema "public" to version "9 - table comments"
2026-09-08T11:19:28.093+08:00  INFO 56147 --- [benefit-center] [           main] o.f.core.internal.command.DbMigrate      : Migrating schema "public" to version "10 - console query indexes"
2026-09-08T11:19:28.101+08:00  INFO 56147 --- [benefit-center] [           main] o.f.core.internal.command.DbMigrate      : Migrating schema "public" to version "11 - sku template wallet limits"
2026-09-08T11:19:28.156+08:00  INFO 56147 --- [benefit-center] [           main] o.f.core.internal.command.DbMigrate      : Migrating schema "public" to version "12 - slice1 comments"
2026-09-08T11:19:28.173+08:00  INFO 56147 --- [benefit-center] [           main] o.f.core.internal.command.DbMigrate      : Migrating schema "public" to version "13 - workflow partition key"
2026-09-08T11:19:28.177+08:00  INFO 56147 --- [benefit-center] [           main] o.f.core.internal.command.DbMigrate      : Migrating schema "public" to version "14 - wallet entry commands"
2026-09-08T11:19:28.204+08:00  INFO 56147 --- [benefit-center] [           main] o.f.core.internal.command.DbMigrate      : Successfully applied 14 migrations to schema "public", now at version v14 (execution time 00:00.130s)
2026-09-08T11:19:30.240+08:00  INFO 56147 --- [benefit-center] [           main] o.s.b.a.e.web.EndpointLinksResolver      : Exposing 2 endpoints beneath base path '/actuator'
2026-09-08T11:19:30.297+08:00  INFO 56147 --- [benefit-center] [           main] o.s.b.t.m.w.SpringBootMockServletContext : Initializing Spring TestDispatcherServlet ''
2026-09-08T11:19:30.298+08:00  INFO 56147 --- [benefit-center] [           main] o.s.t.web.servlet.TestDispatcherServlet  : Initializing Servlet ''
2026-09-08T11:19:30.298+08:00  INFO 56147 --- [benefit-center] [           main] o.s.t.web.servlet.TestDispatcherServlet  : Completed initialization in 0 ms
2026-09-08T11:19:30.376+08:00  INFO 56147 --- [benefit-center] [           main] c.l.benefit.web.AwardOrderEndToEndTest   : Started AwardOrderEndToEndTest in 5.285 seconds (process running for 6.614)
]]></system-out>
    <system-err><![CDATA[WARNING: A Java agent has been loaded dynamically (/Users/liruijun/personal/repository/net/bytebuddy/byte-buddy-agent/1.14.19/byte-buddy-agent-1.14.19.jar)
WARNING: If a serviceability tool is in use, please run with -XX:+EnableDynamicAgentLoading to hide this warning
WARNING: If a serviceability tool is not in use, please run with -Djdk.instrument.traceUsage for more information
WARNING: Dynamic loading of agents will be disallowed by default in a future release
]]></system-err>
  </testcase>
  <testcase name="approvedReverseUsesOriginalRouteEvenWhenNewIssuanceWasDisabled" classname="com.lrj.benefit.web.AwardOrderEndToEndTest" time="0.093"/>
  <testcase name="acceptsReplaysAndFulfillsRedemptionCodeExactlyOnce" classname="com.lrj.benefit.web.AwardOrderEndToEndTest" time="0.099"/>
  <testcase name="combinationConvergesToPartialSuccessWhenOneItemHasNoQuota" classname="com.lrj.benefit.web.AwardOrderEndToEndTest" time="0.063"/>
</testsuite>